********************************************************************************
*                             Initializing Cubiquity                           *
********************************************************************************
[20:35:21, Info   ]: Creating voxel database from 'C:/Users/Amanda/Documents/GitHub/SeniorDentalProject/Assets/StreamingAssets/Cubiquity/VoxelDatabases/Examples/VoxeliensTerrain.vdb'
[20:35:22, Info   ]: Creating voxel database from 'C:/Users/Amanda/Documents/GitHub/SeniorDentalProject/Assets/StreamingAssets/Cubiquity/VoxelDatabases/Examples/VoxeliensColoredCubes.vdb'
[20:35:43, Info   ]: Creating voxel database from 'C:/Users/Amanda/Documents/GitHub/SeniorDentalProject/Assets/StreamingAssets/Cubiquity/VoxelDatabases/Examples/Tests/SmallSphere.vdb'
[20:35:50, Info   ]: Creating voxel database from 'C:/Users/Amanda/Documents/GitHub/SeniorDentalProject/Assets/StreamingAssets/Cubiquity/VoxelDatabases/Examples/Tests/MengerSponge.vdb'
[20:35:50, Info   ]: Creating voxel database from 'C:/Users/Amanda/Documents/GitHub/SeniorDentalProject/Assets/StreamingAssets/Cubiquity/VoxelDatabases/Examples/Tests/MengerSponge.vdb'
[20:35:50, Info   ]: Creating voxel database from 'C:/Users/Amanda/Documents/GitHub/SeniorDentalProject/Assets/StreamingAssets/Cubiquity/VoxelDatabases/Examples/Tests/MengerSponge.vdb'
[20:35:50, Info   ]: Creating voxel database from 'C:/Users/Amanda/Documents/GitHub/SeniorDentalProject/Assets/StreamingAssets/Cubiquity/VoxelDatabases/Examples/Tests/MengerSponge.vdb'
[20:35:50, Info   ]: Creating voxel database from 'C:/Users/Amanda/Documents/GitHub/SeniorDentalProject/Assets/StreamingAssets/Cubiquity/VoxelDatabases/Examples/Tests/MengerSponge.vdb'
[20:35:51, Info   ]: Creating voxel database from 'C:/Users/Amanda/Documents/GitHub/SeniorDentalProject/Assets/StreamingAssets/Cubiquity/VoxelDatabases/Examples/Tests/MengerSponge.vdb'
[20:35:51, Info   ]: Creating voxel database from 'C:/Users/Amanda/Documents/GitHub/SeniorDentalProject/Assets/StreamingAssets/Cubiquity/VoxelDatabases/Examples/Tests/MengerSponge.vdb'
[20:35:51, Info   ]: Creating voxel database from 'C:/Users/Amanda/Documents/GitHub/SeniorDentalProject/Assets/StreamingAssets/Cubiquity/VoxelDatabases/Examples/Tests/MengerSponge.vdb'
[20:35:51, Info   ]: Creating voxel database from 'C:/Users/Amanda/Documents/GitHub/SeniorDentalProject/Assets/StreamingAssets/Cubiquity/VoxelDatabases/Examples/Tests/MengerSponge.vdb'
[20:35:51, Info   ]: Creating voxel database from 'C:/Users/Amanda/Documents/GitHub/SeniorDentalProject/Assets/StreamingAssets/Cubiquity/VoxelDatabases/Examples/Tests/MengerSponge.vdb'
[20:35:51, Info   ]: Creating voxel database from 'C:/Users/Amanda/Documents/GitHub/SeniorDentalProject/Assets/StreamingAssets/Cubiquity/VoxelDatabases/Examples/Tests/MengerSponge.vdb'
[20:35:51, Info   ]: Creating voxel database from 'C:/Users/Amanda/Documents/GitHub/SeniorDentalProject/Assets/StreamingAssets/Cubiquity/VoxelDatabases/Examples/Tests/MengerSponge.vdb'
[20:35:51, Info   ]: Creating voxel database from 'C:/Users/Amanda/Documents/GitHub/SeniorDentalProject/Assets/StreamingAssets/Cubiquity/VoxelDatabases/Examples/Tests/MengerSponge.vdb'
[20:35:51, Info   ]: Creating voxel database from 'C:/Users/Amanda/Documents/GitHub/SeniorDentalProject/Assets/StreamingAssets/Cubiquity/VoxelDatabases/Examples/Tests/MengerSponge.vdb'
[20:35:51, Info   ]: Creating voxel database from 'C:/Users/Amanda/Documents/GitHub/SeniorDentalProject/Assets/StreamingAssets/Cubiquity/VoxelDatabases/Examples/Tests/MengerSponge.vdb'
[20:35:51, Info   ]: Creating voxel database from 'C:/Users/Amanda/Documents/GitHub/SeniorDentalProject/Assets/StreamingAssets/Cubiquity/VoxelDatabases/Examples/Tests/MengerSponge.vdb'
[20:35:51, Info   ]: Creating voxel database from 'C:/Users/Amanda/Documents/GitHub/SeniorDentalProject/Assets/StreamingAssets/Cubiquity/VoxelDatabases/Examples/Tests/MengerSponge.vdb'
[20:35:51, Info   ]: Creating voxel database from 'C:/Users/Amanda/Documents/GitHub/SeniorDentalProject/Assets/StreamingAssets/Cubiquity/VoxelDatabases/Examples/Tests/MengerSponge.vdb'
[20:35:51, Info   ]: Creating voxel database from 'C:/Users/Amanda/Documents/GitHub/SeniorDentalProject/Assets/StreamingAssets/Cubiquity/VoxelDatabases/Examples/Tests/MengerSponge.vdb'
[20:35:51, Info   ]: Creating voxel database from 'C:/Users/Amanda/Documents/GitHub/SeniorDentalProject/Assets/StreamingAssets/Cubiquity/VoxelDatabases/Examples/Tests/MengerSponge.vdb'
[20:36:07, Info   ]: Creating voxel database from 'C:/Users/Amanda/Documents/GitHub/SeniorDentalProject/Assets/StreamingAssets/Cubiquity/VoxelDatabases/Examples/Planet.vdb'
[20:36:07, Info   ]: Creating voxel database from 'C:/Users/Amanda/Documents/GitHub/SeniorDentalProject/Assets/StreamingAssets/Cubiquity/VoxelDatabases/Examples/Planet.vdb'
[20:40:25, Info   ]: Creating voxel database from 'C:/Users/Amanda/Documents/GitHub/SeniorDentalProject/Assets/StreamingAssets/Cubiquity/VoxelDatabases/decay_model.vdb'
[21:36:01, Info   ]: Creating voxel database from 'C:/Users/Amanda/Documents/GitHub/SeniorDentalProject/Assets/StreamingAssets/Cubiquity/VoxelDatabases/decay_model.vdb'
[21:39:40, Info   ]: Creating voxel database from 'C:/Users/Amanda/Documents/GitHub/SeniorDentalProject/Assets/StreamingAssets/Cubiquity/VoxelDatabases/decay_model.vdb'
[21:40:07, Info   ]: Creating voxel database from 'C:/Users/Amanda/Documents/GitHub/SeniorDentalProject/Assets/StreamingAssets/Cubiquity/VoxelDatabases/decay_model.vdb'
[22:24:40, Info   ]: Creating voxel database from 'C:/Users/Amanda/Documents/GitHub/SeniorDentalProject/Assets/StreamingAssets/Cubiquity/VoxelDatabases/decay_model.vdb'
[22:36:00, Info   ]: Creating voxel database from 'C:/Users/Amanda/Documents/GitHub/SeniorDentalProject/Assets/StreamingAssets/Cubiquity/VoxelDatabases/decay_model.vdb'
[22:37:55, Info   ]: Creating voxel database from 'C:/Users/Amanda/Documents/GitHub/SeniorDentalProject/Assets/StreamingAssets/Cubiquity/VoxelDatabases/decay_model.vdb'
[22:38:06, Info   ]: Creating voxel database from 'C:/Users/Amanda/Documents/GitHub/SeniorDentalProject/Assets/StreamingAssets/Cubiquity/VoxelDatabases/decay_model.vdb'
[22:38:17, Info   ]: Creating voxel database from 'C:/Users/Amanda/Documents/GitHub/SeniorDentalProject/Assets/StreamingAssets/Cubiquity/VoxelDatabases/decay_model.vdb'
[22:38:19, Info   ]: Creating voxel database from 'C:/Users/Amanda/Documents/GitHub/SeniorDentalProject/Assets/StreamingAssets/Cubiquity/VoxelDatabases/decay_model.vdb'
[22:39:48, Info   ]: Creating voxel database from 'C:/Users/Amanda/Documents/GitHub/SeniorDentalProject/Assets/StreamingAssets/Cubiquity/VoxelDatabases/decay_model.vdb'
[22:39:54, Info   ]: Creating voxel database from 'C:/Users/Amanda/Documents/GitHub/SeniorDentalProject/Assets/StreamingAssets/Cubiquity/VoxelDatabases/decay_model.vdb'
[22:41:18, Info   ]: Creating voxel database from 'C:/Users/Amanda/Documents/GitHub/SeniorDentalProject/Assets/StreamingAssets/Cubiquity/VoxelDatabases/decay_model.vdb'
[22:41:21, Info   ]: Creating voxel database from 'C:/Users/Amanda/Documents/GitHub/SeniorDentalProject/Assets/StreamingAssets/Cubiquity/VoxelDatabases/decay_model.vdb'
[22:41:36, Info   ]: Resizing compressed data buffer to 144307bytes. This should only happen once
[22:41:47, Info   ]: Creating voxel database from 'C:/Users/Amanda/Documents/GitHub/SeniorDentalProject/Assets/StreamingAssets/Cubiquity/VoxelDatabases/decay_model.vdb'
[22:41:51, Info   ]: Creating voxel database from 'C:/Users/Amanda/Documents/GitHub/SeniorDentalProject/Assets/StreamingAssets/Cubiquity/VoxelDatabases/decay_model.vdb'
[22:42:01, Info   ]: Resizing compressed data buffer to 144307bytes. This should only happen once
[22:42:10, Info   ]: Creating voxel database from 'C:/Users/Amanda/Documents/GitHub/SeniorDentalProject/Assets/StreamingAssets/Cubiquity/VoxelDatabases/decay_model.vdb'
